[20:12:37] [ServerMain/INFO]: [bootstrap] Running Java 26 (Java HotSpot(TM) 64-Bit Server VM 26.0.1+8-34; Oracle Corporation null) on Mac OS X 26.5.1 (aarch64)
[20:12:37] [ServerMain/INFO]: [bootstrap] Loading Purpur 26.1.2-2591-HEAD@bb69e15 (2026-06-03T22:24:27Z) for Minecraft 26.1.2
[20:12:37] [ServerMain/INFO]: [PluginInitializerManager] Initializing plugins...
[20:12:37] [ServerMain/INFO]: [PluginInitializerManager] Initialized 0 plugins
[20:12:38] [ServerMain/INFO]: Environment: Environment[sessionHost=https://sessionserver.mojang.com, servicesHost=https://api.minecraftservices.com, profilesHost=https://api.mojang.com, name=PROD]
[20:12:38] [ServerMain/INFO]: Found new data pack file/bukkit, loading it automatically
[20:12:38] [ServerMain/INFO]: Found new data pack paper, loading it automatically
[20:12:39] [Worker-Main-1/INFO]: No existing world data, creating new world
[20:12:39] [ServerMain/INFO]: Loaded 1515 recipes
[20:12:39] [ServerMain/INFO]: Loaded 1617 advancements
[20:12:39] [ServerMain/INFO]: [ca.spottedleaf.dataconverter.minecraft.datatypes.MCTypeRegistry] Initialising converters for DataConverter...
[20:12:39] [ServerMain/INFO]: [ca.spottedleaf.dataconverter.minecraft.datatypes.MCTypeRegistry] Finished initialising converters for DataConverter in 106,4ms
[20:12:40] [Server thread/INFO]: Starting minecraft server version 26.1.2
[20:12:40] [Server thread/INFO]: Loading properties
[20:12:40] [Server thread/INFO]: This server is running Purpur version 26.1.2-2591-HEAD@bb69e15 (2026-06-03T22:24:27Z) (Implementing API version 26.1.2.build.2591-stable)
[20:12:40] [Server thread/INFO]: [spark] This server bundles the spark profiler. For more information please visit https://docs.papermc.io/paper/profiling
[20:12:40] [Server thread/INFO]: Server Ping Player Sample Count: 12
[20:12:40] [Server thread/INFO]: Using 4 threads for Netty based IO
[20:12:40] [Server thread/INFO]: [MoonriseCommon] Paper is using 2 worker threads, 1 I/O threads
[20:12:40] [Server thread/INFO]: Default game type: SURVIVAL
[20:12:40] [Server thread/INFO]: Generating keypair
[20:12:40] [Server thread/INFO]: Starting Minecraft server on *:25565
[20:12:41] [Server thread/INFO]: Paper: Using libdeflate (macOS ARM64 / Apple Silicon) compression from Velocity.
[20:12:41] [Server thread/INFO]: Paper: Using native (macOS ARM64 / Apple Silicon) cipher from Velocity.
[20:12:41] [Server thread/INFO]: Preparing level "world"
[20:12:41] [Server thread/INFO]: Selecting spawn point for level 'minecraft:overworld'...
[20:12:43] [Server thread/INFO]: Selecting spawn point for level 'minecraft:the_nether'...
[20:12:43] [Server thread/INFO]: Selecting spawn point for level 'minecraft:the_end'...
[20:12:43] [Server thread/INFO]: Loading 0 persistent chunks for level 'minecraft:overworld'...
[20:12:43] [Server thread/INFO]: Preparing spawn area: 100%
[20:12:43] [Server thread/INFO]: Prepared spawn area in 2107 ms
[20:12:43] [Server thread/INFO]: Loading 0 persistent chunks for level 'minecraft:the_nether'...
[20:12:43] [Server thread/INFO]: Preparing spawn area: 100%
[20:12:43] [Server thread/INFO]: Prepared spawn area in 321 ms
[20:12:43] [Server thread/INFO]: Loading 0 persistent chunks for level 'minecraft:the_end'...
[20:12:43] [Server thread/INFO]: Preparing spawn area: 100%
[20:12:43] [Server thread/INFO]: Prepared spawn area in 77 ms
[20:12:43] [Server thread/INFO]: Done preparing level "world" (2.323s)
[20:12:43] [Server thread/INFO]: [spark] Starting background profiler...
[20:12:46] [Server thread/INFO]: Saving chunks for level 'ServerLevel[world]'/minecraft:overworld
[20:12:46] [Server thread/INFO]: Saving chunks for level 'ServerLevel[world]'/minecraft:the_nether
[20:12:46] [Server thread/INFO]: Saving chunks for level 'ServerLevel[world]'/minecraft:the_end
[20:12:46] [Server thread/INFO]: ThreadedAnvilChunkStorage (world): All chunks are saved
[20:12:46] [Server thread/INFO]: ThreadedAnvilChunkStorage (DIM-1): All chunks are saved
[20:12:46] [Server thread/INFO]: ThreadedAnvilChunkStorage (DIM1): All chunks are saved
[20:12:46] [Server thread/INFO]: ThreadedAnvilChunkStorage: All dimensions are saved
[20:12:46] [Server thread/INFO]: Running delayed init tasks
[20:12:46] [Server thread/INFO]: Done (9.444s)! For help, type "help"
[20:12:46] [Server thread/INFO]: *************************************************************************************
[20:12:46] [Server thread/INFO]: This is the first time you're starting this server.
[20:12:46] [Server thread/INFO]: It's recommended you read our 'Getting Started' documentation for guidance.
[20:12:46] [Server thread/INFO]: View this and more helpful information here: https://docs.papermc.io/paper/next-steps
[20:12:46] [Server thread/INFO]: *************************************************************************************
